[20:07:43] [EnvServerSocketHandler/INFO]: [STDOUT]: Received from localhost:<MissionInit xmlns="http://ProjectMalmo.microsoft.com" xmlns:xsi="http://www.w3.org/2001/XMLSchema-instance" SchemaVersion="" PlatformVersion="0.37.0">
                                <Mission>
    <About>
        <Summary>MineRLNavigateDense-v0</Summary>
    </About>

    <ModSettings>
        <MsPerTick>50</MsPerTick>
    </ModSettings>

    <ServerSection>
        <ServerInitialConditions>
            <Time>
                <StartTime>6000</StartTime>
                <AllowPassageOfTime>false</AllowPassageOfTime>
            </Time>
            <Weather>clear</Weather>
            <AllowSpawning>false</AllowSpawning>
        </ServerInitialConditions>
        <ServerHandlers>
            <DefaultWorldGenerator forceReset="true"/>
            <NavigationDecorator>
                <randomPlacementProperties>
                    <maxRandomizedRadius>64</maxRandomizedRadius>
                    <minRandomizedRadius>64</minRandomizedRadius>
                    <maxRadius>8</maxRadius>
                    <minRa
[20:07:44] [Realms Notification Availability checker #1/INFO]: Could not authorize you against Realms server: Invalid session id
[20:07:45] [EnvServerSocketHandler/INFO]: [STDOUT]: REPLYING WITH: MALMOOK
[20:07:45] [Client thread/INFO]: [STDOUT]: Mission received: MineRLNavigateDense-v0
[20:07:45] [Client thread/INFO]: [STDOUT]: CLIENT request state: CREATING_HANDLERS
[20:07:45] [Client thread/INFO]: [STDOUT]: CLIENT enter state: CREATING_HANDLERS
[20:07:45] [Client thread/INFO]: [STDOUT]: Starting command server.
[20:07:45] [Thread-11/INFO]: [STDOUT]: INFO: ->com(0) Listening for messages on port 10677
[20:07:45] [Client thread/INFO]: [STDOUT]: CLIENT request state: EVALUATING_WORLD_REQUIREMENTS
[20:07:45] [Client thread/INFO]: [STDOUT]: CLIENT enter state: EVALUATING_WORLD_REQUIREMENTS
[20:07:45] [Client thread/INFO]: [STDOUT]: CLIENT request state: CREATING_NEW_WORLD
[20:07:45] [Client thread/INFO]: [STDOUT]: CLIENT enter state: CREATING_NEW_WORLD
[20:07:48] [Server thread/INFO]: Starting integrated minecraft server version 1.11.2
[20:07:48] [Server thread/INFO]: Generating keypair
[20:07:48] [Server thread/INFO]: Injecting existing block and item data into this server instance
[20:07:48] [Server thread/INFO]: Applying holder lookups
[20:07:48] [Server thread/INFO]: Holder lookups applied
[20:07:48] [Server thread/INFO]: Loading dimension 0 (TEMP_0_4303017d-b14a-4b89-9b5f-de88131cfd99) (net.minecraft.server.integrated.IntegratedServer@65ee32a4)
[20:07:49] [Server thread/INFO]: Loading dimension 1 (TEMP_0_4303017d-b14a-4b89-9b5f-de88131cfd99) (net.minecraft.server.integrated.IntegratedServer@65ee32a4)
